<?xml version="1.0" encoding="UTF-8"?>
<!-- Generated by org.testng.reporters.JUnitReportReporter -->
<testsuite hostname="DESKTOP-6VJ86K4" failures="0" tests="1" name="com.testcases.TC_001_Registration" time="2.780" errors="0" timestamp="2024-07-15T16:21:11 IST" skipped="0">
  <testcase classname="com.testcases.TC_001_Registration" name="AccountRegistration" time="2.780"/>
  <system-out/>
</testsuite> <!-- com.testcases.TC_001_Registration -->
